Parameters:            
Function name: 
Response text: "failed command"
Date: Fri, 04 Aug 2017 09:06:50 +0200
----------------------------------------------------------
Parameters:            
Function name: forgot_password_email?login-bodunjo855@gmail.com
Response text: "failed command"
Date: Fri, 04 Aug 2017 09:07:26 +0200
----------------------------------------------------------
Parameters: bodunjo855@gmail.com           
Function name: forgot_password_email
Response text: {"msg":"Email is send"}
Date: Fri, 04 Aug 2017 09:07:57 +0200
----------------------------------------------------------
Parameters: bodunjo855@gmail.com           
Function name: forgot_password_email
Response text: {"msg":"Email is send"}
Date: Fri, 04 Aug 2017 09:12:21 +0200
----------------------------------------------------------
Parameters: bodunjo855@gmail.com           
Function name: forgot_password_email
Response text: {"msg":"Email is send"}
Date: Fri, 04 Aug 2017 09:13:18 +0200
----------------------------------------------------------
Parameters: bodunjo855@gmail.com           
Function name: forgot_password_email
Response text: {"msg":"Email is send"}
Date: Fri, 04 Aug 2017 09:13:39 +0200
----------------------------------------------------------
Parameters: bodunjo855@gmail.com           
Function name: forgot_password_email
Response text: {"msg":"Email is send"}
Date: Fri, 04 Aug 2017 09:15:26 +0200
----------------------------------------------------------
Parameters: bodunjo855@gmail.com           
Function name: forgot_password_email
Response text: {"msg":"Email is send"}
Date: Fri, 04 Aug 2017 09:17:47 +0200
----------------------------------------------------------
Parameters: bodunjo855@gmail.com           
Function name: forgot_password_email
Response text: {"msg":"Email is send"}
Date: Fri, 04 Aug 2017 09:21:52 +0200
----------------------------------------------------------
Parameters: bodunjo855@gmail.com           
Function name: forgot_password_email
Response text: {"msg":"Email is send"}
Date: Fri, 04 Aug 2017 09:22:45 +0200
----------------------------------------------------------
Parameters: bodunjo855@gmail.com           
Function name: forgot_password_email
Response text: {"msg":"Email is send"}
Date: Fri, 04 Aug 2017 09:23:09 +0200
----------------------------------------------------------
Parameters: bodunjo855@gmail.com           
Function name: forgot_password_email
Response text: {"msg":"Email is send"}
Date: Fri, 04 Aug 2017 09:24:32 +0200
----------------------------------------------------------
Parameters: bodunjo855@gmail.com           
Function name: forgot_password_email
Response text: {"msg":"Email is send"}
Date: Fri, 04 Aug 2017 09:26:33 +0200
----------------------------------------------------------
Parameters: bodunjo855@gmail.com           
Function name: forgot_password_email
Response text: {"msg":"Email is send"}
Date: Fri, 04 Aug 2017 09:29:58 +0200
----------------------------------------------------------
Parameters: bodunjo855@gmail.com           
Function name: forgot_password_email
Response text: {"msg":"Email is send"}
Date: Fri, 04 Aug 2017 09:31:11 +0200
----------------------------------------------------------
Parameters: bodunjo855@gmail.com           
Function name: forgot_password_email
Response text: {"msg":"Email is send"}
Date: Fri, 04 Aug 2017 09:33:32 +0200
----------------------------------------------------------
Parameters: bodunjo855@gmail.com           
Function name: forgot_password_email
Response text: {"msg":"Email is send"}
Date: Fri, 04 Aug 2017 09:34:10 +0200
----------------------------------------------------------
Parameters: bodunjo855@gmail.com           
Function name: forgot_password_email
Response text: {"msg":"Email is send"}
Date: Fri, 04 Aug 2017 09:36:01 +0200
----------------------------------------------------------
Parameters: bodunjo855@gmail.com           
Function name: forgot_password_email
Response text: {"msg":"Email is send"}
Date: Fri, 04 Aug 2017 09:36:27 +0200
----------------------------------------------------------
Parameters: bodunjo855@gmail.com           
Function name: forgot_password_email
Response text: {"msg":"Email is send"}
Date: Fri, 04 Aug 2017 09:38:47 +0200
----------------------------------------------------------
